\BOOKMARK [1][-]{section.1}{Introduction}{}% 1
\BOOKMARK [1][-]{section.2}{Behaviour Tree}{}% 2
\BOOKMARK [2][-]{subsection.2.1}{Description of Approach}{section.2}% 3
\BOOKMARK [2][-]{subsection.2.2}{Algorithm Parameters}{section.2}% 4
\BOOKMARK [2][-]{subsection.2.3}{Performance measure of the algorithm}{section.2}% 5
\BOOKMARK [1][-]{section.3}{Monte Carlo Tree Search}{}% 6
\BOOKMARK [2][-]{subsection.3.1}{Description of Approach}{section.3}% 7
\BOOKMARK [2][-]{subsection.3.2}{Algorithm Parameters}{section.3}% 8
\BOOKMARK [2][-]{subsection.3.3}{Performance measure of the algorithm}{section.3}% 9
\BOOKMARK [1][-]{section.4}{State Machine + Genetic Algorithm}{}% 10
\BOOKMARK [2][-]{subsection.4.1}{Description of Approach}{section.4}% 11
\BOOKMARK [2][-]{subsection.4.2}{Algorithm Parameters}{section.4}% 12
\BOOKMARK [2][-]{subsection.4.3}{Performance measure of the algorithm}{section.4}% 13
\BOOKMARK [1][-]{section.5}{Experiments}{}% 14
\BOOKMARK [2][-]{subsection.5.1}{Behaviour Tree Controller}{section.5}% 15
\BOOKMARK [2][-]{subsection.5.2}{Monte Carlo Tree Search}{section.5}% 16
\BOOKMARK [2][-]{subsection.5.3}{State Machine + Genetic Algorithm}{section.5}% 17
\BOOKMARK [1][-]{section.6}{Conclusion}{}% 18
\BOOKMARK [2][-]{subsection.6.1}{Behaviour Tree}{section.6}% 19
\BOOKMARK [2][-]{subsection.6.2}{Monte Carlo Tree Search}{section.6}% 20
\BOOKMARK [2][-]{subsection.6.3}{State Machine and Genetic Algorithm}{section.6}% 21
\BOOKMARK [1][-]{section.7}{Discussion}{}% 22
